<?xml version="1.0" encoding="UTF-8"?>
<testsuite name="com.revature.service.ClientServiceTest" tests="1" skipped="0" failures="0" errors="0" timestamp="2022-03-12T03:18:04" hostname="mac.local" time="0.487">
  <properties/>
  <testcase name="test_deleteClientById_sqlExceptionFromDao()" classname="com.revature.service.ClientServiceTest" time="0.487"/>
  <system-out><![CDATA[]]></system-out>
  <system-err><![CDATA[]]></system-err>
</testsuite>
