<?xml version="1.0" encoding="UTF-8"?>
<testsuite name="com.revature.service.AccountServiceTest" tests="17" skipped="0" failures="0" errors="0" timestamp="2022-03-15T03:07:51" hostname="mac.local" time="0.995">
  <properties/>
  <testcase name="test_getAccountByClientId_clientDoesNotExist()" classname="com.revature.service.AccountServiceTest" time="0.792"/>
  <testcase name="test_editAccount_sqlException()" classname="com.revature.service.AccountServiceTest" time="0.117"/>
  <testcase name="test_addAnAccount()" classname="com.revature.service.AccountServiceTest" time="0.013"/>
  <testcase name="test_addAccount_accountType()" classname="com.revature.service.AccountServiceTest" time="0.002"/>
  <testcase name="test_deleteAccount_invalidId()" classname="com.revature.service.AccountServiceTest" time="0.002"/>
  <testcase name="test_getOneAccountByAccountId()" classname="com.revature.service.AccountServiceTest" time="0.002"/>
  <testcase name="test_editAccount_invalidId()" classname="com.revature.service.AccountServiceTest" time="0.003"/>
  <testcase name="test_editAccount_accountDoesNotExist()" classname="com.revature.service.AccountServiceTest" time="0.003"/>
  <testcase name="test_deleteAccount_sqlException()" classname="com.revature.service.AccountServiceTest" time="0.002"/>
  <testcase name="test_getAccountsByClientId()" classname="com.revature.service.AccountServiceTest" time="0.005"/>
  <testcase name="test_addAccount_dateFormat()" classname="com.revature.service.AccountServiceTest" time="0.003"/>
  <testcase name="test_deleteAccount_accountDoesNotExist()" classname="com.revature.service.AccountServiceTest" time="0.002"/>
  <testcase name="test_editAccount()" classname="com.revature.service.AccountServiceTest" time="0.003"/>
  <testcase name="test_addAccount_withLeadingAndTrailingAccountTypeAndDateOpened()" classname="com.revature.service.AccountServiceTest" time="0.004"/>
  <testcase name="test_getAccountByClientId_sqlExceptionFromDao()" classname="com.revature.service.AccountServiceTest" time="0.003"/>
  <testcase name="test_deleteAccount()" classname="com.revature.service.AccountServiceTest" time="0.004"/>
  <testcase name="test_getAccountByClientId_invalidId()" classname="com.revature.service.AccountServiceTest" time="0.0"/>
  <system-out><![CDATA[]]></system-out>
  <system-err><![CDATA[]]></system-err>
</testsuite>
